<?xml version="1.0" encoding="UTF-8"?>
<testng-results ignored="0" total="1" passed="1" failed="0" skipped="0">
  <reporter-output>
  </reporter-output>
  <suite started-at="2022-05-26T14:18:32 EDT" name="Default suite" finished-at="2022-05-26T14:19:02 EDT" duration-ms="29882">
    <groups>
    </groups>
    <test started-at="2022-05-26T14:18:32 EDT" name="Default test" finished-at="2022-05-26T14:19:02 EDT" duration-ms="29882">
      <class name="com.ds_Algo.testCases.TC_Queue">
        <test-method is-config="true" signature="setup(java.lang.String)[pri:0, instance:com.ds_Algo.testCases.TC_Queue@4a003cbe]" started-at="2022-05-26T14:18:32 EDT" name="setup" finished-at="2022-05-26T14:18:35 EDT" duration-ms="2947" status="PASS">
          <params>
            <param index="0">
              <value>
                <![CDATA[chrome]]>
              </value>
            </param>
          </params>
          <reporter-output>
          </reporter-output>
        </test-method> <!-- setup -->
        <test-method signature="queue()[pri:0, instance:com.ds_Algo.testCases.TC_Queue@4a003cbe]" started-at="2022-05-26T14:18:35 EDT" name="queue" finished-at="2022-05-26T14:19:02 EDT" duration-ms="26682" status="PASS">
          <reporter-output>
          </reporter-output>
        </test-method> <!-- queue -->
        <test-method is-config="true" signature="teatdown()[pri:0, instance:com.ds_Algo.testCases.TC_Queue@4a003cbe]" started-at="2022-05-26T14:19:02 EDT" name="teatdown" finished-at="2022-05-26T14:19:02 EDT" duration-ms="159" status="PASS">
          <reporter-output>
          </reporter-output>
        </test-method> <!-- teatdown -->
      </class> <!-- com.ds_Algo.testCases.TC_Queue -->
    </test> <!-- Default test -->
  </suite> <!-- Default suite -->
</testng-results>
